TN:
SF:src/assets.router.ts
FNF:0
FNH:0
DA:1,1
DA:2,1
DA:3,1
DA:4,1
DA:5,1
DA:6,1
DA:7,1
DA:8,1
DA:9,1
DA:10,1
DA:11,1
DA:12,1
DA:13,1
DA:14,1
DA:15,1
DA:16,1
DA:17,1
DA:18,1
DA:19,1
DA:20,1
DA:21,1
DA:22,1
DA:23,1
DA:24,1
DA:25,1
DA:26,1
DA:27,1
DA:28,1
DA:29,1
DA:30,1
DA:31,1
DA:32,1
DA:33,1
DA:34,1
DA:35,1
DA:36,1
DA:37,2
DA:38,2
DA:39,2
DA:40,2
DA:41,2
DA:42,2
DA:43,2
DA:44,2
DA:45,1
DA:46,1
DA:47,2
DA:48,2
DA:49,2
DA:50,0
DA:51,0
DA:52,0
DA:53,0
DA:54,0
DA:55,0
DA:56,1
DA:57,1
DA:58,1
DA:59,1
DA:60,1
DA:61,1
DA:62,1
DA:63,1
DA:64,1
DA:65,1
DA:66,1
DA:67,2
DA:68,2
DA:69,2
DA:70,2
DA:71,1
DA:72,1
DA:73,1
DA:74,1
DA:75,1
DA:76,1
DA:77,1
DA:78,1
DA:79,1
DA:80,1
DA:81,1
DA:82,1
DA:83,1
DA:84,1
DA:85,1
DA:86,1
DA:87,1
DA:88,1
DA:89,1
DA:90,1
DA:91,1
DA:92,1
DA:93,1
DA:94,1
DA:95,1
DA:96,1
DA:97,1
DA:98,1
DA:99,1
DA:100,1
DA:101,2
DA:102,0
DA:103,0
DA:104,0
DA:105,0
DA:106,0
DA:107,0
DA:108,0
DA:109,0
DA:110,0
DA:111,0
DA:112,0
DA:113,2
DA:114,1
DA:115,1
DA:116,1
DA:117,2
DA:118,2
DA:119,2
DA:120,2
DA:121,2
DA:122,2
DA:123,2
DA:124,2
DA:125,2
DA:126,2
DA:127,2
DA:128,1
DA:129,1
DA:130,1
DA:131,1
DA:132,1
DA:133,1
DA:134,1
DA:135,1
DA:136,1
DA:137,1
DA:138,1
DA:139,1
DA:140,1
DA:141,1
DA:142,1
DA:143,2
DA:144,0
DA:145,0
DA:146,0
DA:147,0
DA:148,0
DA:149,0
DA:150,0
DA:151,0
DA:152,0
DA:153,0
DA:154,1
DA:155,1
DA:156,1
DA:157,2
DA:158,2
DA:159,2
DA:160,2
DA:161,2
DA:162,2
DA:163,2
DA:164,2
DA:165,1
DA:166,1
DA:167,1
DA:168,1
DA:169,1
DA:170,1
DA:171,1
DA:172,1
DA:173,1
DA:174,1
DA:175,1
DA:176,1
DA:177,1
DA:178,1
DA:179,1
DA:180,1
DA:181,0
DA:182,0
DA:183,0
DA:184,0
DA:185,0
DA:186,0
DA:187,1
DA:188,1
DA:189,1
DA:190,1
DA:191,1
DA:192,1
DA:193,1
DA:194,1
DA:195,1
DA:196,1
DA:197,1
DA:198,3
DA:199,3
DA:200,3
DA:201,3
DA:202,1
DA:203,1
DA:204,1
DA:205,1
DA:206,1
DA:207,1
DA:208,1
DA:209,1
DA:210,2
DA:211,3
DA:212,1
DA:213,1
DA:214,1
DA:215,1
DA:216,1
DA:217,1
DA:218,1
DA:219,1
DA:220,1
DA:221,1
DA:222,1
DA:223,1
DA:224,1
DA:225,1
DA:226,1
DA:227,1
DA:228,1
DA:229,1
DA:230,1
DA:231,1
DA:232,1
DA:233,1
DA:234,1
DA:235,1
DA:236,1
DA:237,1
DA:238,1
DA:239,1
DA:240,1
DA:241,3
DA:242,0
DA:243,0
DA:244,0
DA:245,0
DA:246,0
DA:247,0
DA:248,0
DA:249,0
DA:250,0
DA:251,0
DA:252,0
DA:253,3
DA:254,1
DA:255,1
DA:256,1
DA:257,1
DA:258,1
DA:259,1
DA:260,1
DA:261,1
DA:262,1
DA:263,1
DA:264,1
DA:265,1
DA:266,1
DA:267,1
DA:268,2
DA:269,2
DA:270,2
DA:271,2
DA:272,1
DA:273,1
DA:274,1
DA:275,1
DA:276,1
DA:277,1
DA:278,1
DA:279,1
DA:280,1
DA:281,1
DA:282,1
DA:283,1
DA:284,1
DA:285,1
DA:286,1
DA:287,1
DA:288,1
DA:289,1
DA:290,1
DA:291,1
DA:292,1
DA:293,1
DA:294,1
DA:295,1
DA:296,1
DA:297,1
DA:298,1
DA:299,1
DA:300,2
DA:301,0
DA:302,0
DA:303,0
DA:304,0
DA:305,0
DA:306,0
DA:307,0
DA:308,0
DA:309,0
DA:310,0
DA:311,0
DA:312,2
DA:313,1
DA:314,1
DA:315,1
DA:316,1
DA:317,1
DA:318,1
DA:319,1
DA:320,1
DA:321,1
DA:322,1
DA:323,1
DA:324,1
DA:325,1
DA:326,1
DA:327,1
DA:328,1
DA:329,1
DA:330,1
DA:331,1
DA:332,1
DA:333,1
DA:334,1
DA:335,1
DA:336,0
DA:337,0
DA:338,0
DA:339,0
DA:340,0
DA:341,0
DA:342,0
DA:343,0
DA:344,0
DA:345,0
DA:346,0
DA:347,1
LF:347
LH:281
BRDA:36,0,0,2
BRDA:40,1,0,0
BRDA:44,2,0,1
BRDA:49,3,0,0
BRDA:66,4,0,2
BRDA:70,5,0,1
BRDA:101,6,0,0
BRDA:116,7,0,2
BRDA:122,8,0,0
BRDA:127,9,0,1
BRDA:143,10,0,0
BRDA:156,11,0,2
BRDA:162,12,0,0
BRDA:165,13,0,1
BRDA:181,14,0,0
BRDA:197,15,0,3
BRDA:201,16,0,1
BRDA:210,17,0,2
BRDA:211,18,0,1
BRDA:241,19,0,0
BRDA:267,20,0,2
BRDA:271,21,0,1
BRDA:300,22,0,0
BRDA:315,23,0,1
BRDA:335,24,0,0
BRF:25
BRH:15
end_of_record
TN:
SF:src/auth.ts
FN:35,authenticateApiKey
FNF:1
FNH:1
FNDA:27,authenticateApiKey
DA:1,1
DA:2,1
DA:3,1
DA:4,1
DA:5,1
DA:6,1
DA:7,1
DA:8,1
DA:9,1
DA:10,1
DA:11,1
DA:12,1
DA:13,1
DA:14,1
DA:15,1
DA:16,1
DA:17,1
DA:18,1
DA:19,27
DA:20,27
DA:21,18
DA:22,18
DA:23,18
DA:24,27
DA:25,0
DA:26,0
DA:27,0
DA:28,9
DA:29,9
DA:30,9
DA:31,9
DA:32,27
DA:33,1
DA:34,1
DA:35,1
DA:36,27
DA:37,27
DA:38,27
DA:39,27
DA:40,27
DA:41,27
DA:42,27
DA:43,27
DA:44,27
DA:45,27
DA:46,27
DA:47,27
DA:48,9
DA:49,9
DA:50,9
DA:51,9
DA:52,18
DA:53,18
DA:54,18
DA:55,0
DA:56,0
DA:57,18
DA:58,18
DA:59,18
DA:60,27
DA:61,27
LF:61
LH:56
BRDA:18,0,0,27
BRDA:20,1,0,18
BRDA:24,2,0,9
BRDA:24,3,0,0
BRDA:35,4,0,27
BRDA:44,5,0,27
BRDA:45,6,0,0
BRDA:47,7,0,9
BRDA:52,8,0,18
BRDA:53,9,0,18
BRDA:54,10,0,0
BRF:11
BRH:8
end_of_record
TN:
SF:src/config.ts
FNF:0
FNH:0
DA:1,1
DA:2,1
DA:3,1
DA:4,1
DA:5,1
DA:6,1
DA:7,1
DA:8,1
DA:9,1
DA:10,1
DA:11,1
DA:12,1
DA:13,1
DA:14,1
DA:15,1
DA:16,1
DA:17,1
DA:18,1
DA:19,1
DA:20,1
DA:21,1
DA:22,1
DA:23,1
DA:24,1
DA:25,1
DA:26,1
DA:27,1
DA:28,1
DA:29,1
DA:30,1
DA:31,1
DA:32,1
DA:33,1
DA:34,1
DA:35,1
DA:36,1
DA:37,1
DA:38,1
DA:39,1
DA:40,1
DA:41,1
DA:42,1
DA:43,1
DA:44,1
DA:45,1
DA:46,1
DA:47,1
DA:48,1
DA:49,1
DA:50,1
DA:51,1
DA:52,1
DA:53,1
DA:54,1
DA:55,1
DA:56,1
DA:57,1
DA:58,1
DA:59,1
DA:60,1
DA:61,1
DA:62,1
DA:63,1
DA:64,1
DA:65,1
DA:66,1
DA:67,1
DA:68,1
DA:69,1
DA:70,1
DA:71,1
DA:72,1
DA:73,1
DA:74,1
DA:75,1
DA:76,1
DA:77,1
DA:78,1
DA:79,1
DA:80,1
DA:81,1
DA:82,1
DA:83,1
DA:84,1
DA:85,1
DA:86,1
DA:87,1
DA:88,1
DA:89,1
DA:90,1
DA:91,1
DA:92,1
DA:93,1
DA:94,1
DA:95,1
DA:96,1
DA:97,1
DA:98,1
DA:99,1
DA:100,1
DA:101,1
DA:102,1
DA:103,1
DA:104,1
DA:105,1
DA:106,1
DA:107,1
DA:108,1
DA:109,1
DA:110,1
DA:111,1
DA:112,1
DA:113,1
DA:114,1
DA:115,1
DA:116,1
DA:117,1
DA:118,1
DA:119,1
DA:120,1
DA:121,1
DA:122,1
DA:123,1
DA:124,1
DA:125,1
DA:126,1
DA:127,1
DA:128,1
DA:129,1
DA:130,1
DA:131,1
DA:132,1
DA:133,1
DA:134,1
DA:135,1
DA:136,1
DA:137,1
DA:138,1
DA:139,1
DA:140,1
DA:141,1
DA:142,1
DA:143,1
DA:144,1
DA:145,1
DA:146,1
DA:147,1
DA:148,1
DA:149,1
DA:150,1
DA:151,1
DA:152,1
DA:153,1
DA:154,1
DA:155,1
DA:156,1
DA:157,1
DA:158,1
DA:159,1
DA:160,1
DA:161,1
DA:162,1
DA:163,1
DA:164,1
DA:165,1
DA:166,1
DA:167,1
DA:168,1
DA:169,1
DA:170,1
DA:171,1
DA:172,1
DA:173,1
DA:174,1
DA:175,1
DA:176,1
DA:177,1
DA:178,1
DA:179,1
DA:180,1
DA:181,1
DA:182,1
DA:183,1
DA:184,1
DA:185,1
DA:186,1
DA:187,1
DA:188,1
DA:189,1
DA:190,1
DA:191,1
DA:192,1
DA:193,1
DA:194,1
DA:195,1
DA:196,1
DA:197,1
DA:198,1
DA:199,1
DA:200,1
DA:201,1
DA:202,1
DA:203,1
DA:204,1
DA:205,1
DA:206,1
DA:207,1
DA:208,1
DA:209,1
DA:210,1
DA:211,1
DA:212,1
DA:213,1
DA:214,1
DA:215,1
DA:216,1
DA:217,1
DA:218,1
DA:219,1
DA:220,1
DA:221,1
DA:222,1
DA:223,1
DA:224,1
DA:225,1
DA:226,1
DA:227,1
DA:228,1
DA:229,1
DA:230,1
DA:231,1
DA:232,1
DA:233,1
DA:234,1
DA:235,1
DA:236,1
DA:237,1
DA:238,1
DA:239,1
DA:240,1
DA:241,1
DA:242,1
DA:243,1
DA:244,1
DA:245,1
DA:246,1
DA:247,1
DA:248,1
DA:249,1
DA:250,1
DA:251,1
DA:252,1
DA:253,1
DA:254,1
DA:255,1
DA:256,1
DA:257,1
DA:258,1
DA:259,1
DA:260,1
DA:261,1
DA:262,1
DA:263,1
DA:264,1
DA:265,1
DA:266,1
DA:267,1
DA:268,1
DA:269,1
DA:270,1
DA:271,1
DA:272,1
DA:273,1
DA:274,1
DA:275,1
DA:276,1
DA:277,1
DA:278,1
DA:279,1
DA:280,1
DA:281,1
DA:282,1
DA:283,1
DA:284,1
DA:285,1
LF:285
LH:285
BRF:0
BRH:0
end_of_record
TN:
SF:src/errors.ts
FN:19,ContractError
FN:33,TransactionNotFoundError
FN:46,AssetExistsError
FN:59,AssetNotFoundError
FN:105,getRetryAction
FN:118,isErrorLike
FN:134,isDuplicateTransactionError
FN:170,matchAssetAlreadyExistsMessage
FN:193,matchAssetDoesNotExistMessage
FN:215,matchTransactionDoesNotExistMessage
FN:244,handleError
FNF:11
FNH:11
FNDA:28,ContractError
FNDA:9,TransactionNotFoundError
FNDA:9,AssetExistsError
FNDA:10,AssetNotFoundError
FNDA:10,getRetryAction
FNDA:31,isErrorLike
FNDA:19,isDuplicateTransactionError
FNDA:21,matchAssetAlreadyExistsMessage
FNDA:16,matchAssetDoesNotExistMessage
FNDA:10,matchTransactionDoesNotExistMessage
FNDA:22,handleError
DA:1,1
DA:2,1
DA:3,1
DA:4,1
DA:5,1
DA:6,1
DA:7,1
DA:8,1
DA:9,1
DA:10,1
DA:11,1
DA:12,1
DA:13,1
DA:14,1
DA:15,1
DA:16,1
DA:17,1
DA:18,1
DA:19,1
DA:20,28
DA:21,28
DA:22,28
DA:23,28
DA:24,28
DA:25,28
DA:26,1
DA:27,1
DA:28,1
DA:29,1
DA:30,1
DA:31,1
DA:32,1
DA:33,1
DA:34,9
DA:35,9
DA:36,9
DA:37,9
DA:38,9
DA:39,1
DA:40,1
DA:41,1
DA:42,1
DA:43,1
DA:44,1
DA:45,1
DA:46,1
DA:47,9
DA:48,9
DA:49,9
DA:50,9
DA:51,9
DA:52,1
DA:53,1
DA:54,1
DA:55,1
DA:56,1
DA:57,1
DA:58,1
DA:59,1
DA:60,10
DA:61,10
DA:62,10
DA:63,10
DA:64,10
DA:65,1
DA:66,1
DA:67,1
DA:68,1
DA:69,1
DA:70,4
DA:71,4
DA:72,4
DA:73,4
DA:74,4
DA:75,4
DA:76,4
DA:77,4
DA:78,4
DA:79,4
DA:80,4
DA:81,4
DA:82,4
DA:83,4
DA:84,4
DA:85,4
DA:86,4
DA:87,4
DA:88,4
DA:89,1
DA:90,1
DA:91,1
DA:92,1
DA:93,1
DA:94,1
DA:95,1
DA:96,1
DA:97,1
DA:98,1
DA:99,1
DA:100,1
DA:101,1
DA:102,1
DA:103,1
DA:104,1
DA:105,1
DA:106,10
DA:107,5
DA:108,5
DA:109,1
DA:110,1
DA:111,4
DA:112,4
DA:113,4
DA:114,1
DA:115,1
DA:116,1
DA:117,1
DA:118,1
DA:119,31
DA:120,31
DA:121,31
DA:122,31
DA:123,31
DA:124,24
DA:125,24
DA:126,31
DA:127,31
DA:128,1
DA:129,1
DA:130,1
DA:131,1
DA:132,1
DA:133,1
DA:134,1
DA:135,19
DA:136,19
DA:137,19
DA:138,17
DA:139,17
DA:140,19
DA:141,3
DA:142,3
DA:143,3
DA:144,3
DA:145,19
DA:146,14
DA:147,14
DA:148,14
DA:149,14
DA:150,14
DA:151,14
DA:152,14
DA:153,5
DA:154,5
DA:155,5
DA:156,14
DA:157,14
DA:158,17
DA:159,17
DA:160,17
DA:161,1
DA:162,1
DA:163,1
DA:164,1
DA:165,1
DA:166,1
DA:167,1
DA:168,1
DA:169,1
DA:170,1
DA:171,21
DA:172,21
DA:173,21
DA:174,21
DA:175,21
DA:176,21
DA:177,21
DA:178,21
DA:179,5
DA:180,5
DA:181,16
DA:182,16
DA:183,16
DA:184,1
DA:185,1
DA:186,1
DA:187,1
DA:188,1
DA:189,1
DA:190,1
DA:191,1
DA:192,1
DA:193,1
DA:194,16
DA:195,16
DA:196,16
DA:197,16
DA:198,16
DA:199,16
DA:200,16
DA:201,16
DA:202,6
DA:203,6
DA:204,10
DA:205,10
DA:206,10
DA:207,1
DA:208,1
DA:209,1
DA:210,1
DA:211,1
DA:212,1
DA:213,1
DA:214,1
DA:215,1
DA:216,10
DA:217,10
DA:218,10
DA:219,10
DA:220,10
DA:221,10
DA:222,10
DA:223,10
DA:224,10
DA:225,10
DA:226,10
DA:227,10
DA:228,10
DA:229,6
DA:230,6
DA:231,4
DA:232,4
DA:233,4
DA:234,1
DA:235,1
DA:236,1
DA:237,1
DA:238,1
DA:239,1
DA:240,1
DA:241,1
DA:242,1
DA:243,1
DA:244,1
DA:245,22
DA:246,22
DA:247,22
DA:248,22
DA:249,22
DA:250,22
DA:251,21
DA:252,21
DA:253,5
DA:254,5
DA:255,16
DA:256,16
DA:257,21
DA:258,6
DA:259,6
DA:260,10
DA:261,10
DA:262,10
DA:263,10
DA:264,20
DA:265,6
DA:266,6
DA:267,6
DA:268,6
DA:269,6
DA:270,21
DA:271,5
DA:272,5
DA:273,5
LF:273
LH:273
BRDA:19,0,0,28
BRDA:33,1,0,9
BRDA:46,2,0,9
BRDA:59,3,0,10
BRDA:70,4,0,4
BRDA:105,5,0,10
BRDA:106,6,0,9
BRDA:106,7,0,5
BRDA:108,8,0,1
BRDA:111,9,0,4
BRDA:118,10,0,31
BRDA:120,11,0,29
BRDA:121,12,0,29
BRDA:122,13,0,25
BRDA:123,14,0,24
BRDA:124,15,0,23
BRDA:134,16,0,19
BRDA:137,17,0,18
BRDA:137,18,0,2
BRDA:138,19,0,17
BRDA:140,20,0,3
BRDA:145,21,0,14
BRDA:152,22,0,0
BRDA:152,23,0,9
BRDA:152,24,0,5
BRDA:158,25,0,17
BRDA:152,26,0,5
BRDA:153,27,0,0
BRDA:153,28,0,1
BRDA:153,29,0,4
BRDA:153,30,0,5
BRDA:154,31,0,0
BRDA:154,32,0,0
BRDA:170,33,0,21
BRDA:178,34,0,5
BRDA:181,35,0,16
BRDA:193,36,0,16
BRDA:201,37,0,12
BRDA:201,38,0,6
BRDA:204,39,0,10
BRDA:215,40,0,10
BRDA:228,41,0,7
BRDA:228,42,0,6
BRDA:231,43,0,4
BRDA:244,44,0,22
BRDA:250,45,0,21
BRDA:252,46,0,5
BRDA:255,47,0,16
BRDA:257,48,0,20
BRDA:257,49,0,14
BRDA:257,50,0,6
BRDA:260,51,0,10
BRDA:264,52,0,6
BRDA:271,53,0,5
BRF:54
BRH:50
end_of_record
TN:
SF:src/fabric.ts
FN:31,createWallet
FN:64,createGateway
FN:99,getNetwork
FN:109,getContracts
FN:120,evatuateTransaction
FN:144,submitTransaction
FN:166,getTransactionValidationCode
FN:191,getBlockHeight
FNF:8
FNH:8
FNDA:1,createWallet
FNDA:1,createGateway
FNDA:1,getNetwork
FNDA:1,getContracts
FNDA:14,evatuateTransaction
FNDA:9,submitTransaction
FNDA:3,getTransactionValidationCode
FNDA:3,getBlockHeight
DA:1,1
DA:2,1
DA:3,1
DA:4,1
DA:5,1
DA:6,1
DA:7,1
DA:8,1
DA:9,1
DA:10,1
DA:11,1
DA:12,1
DA:13,1
DA:14,1
DA:15,1
DA:16,1
DA:17,1
DA:18,1
DA:19,1
DA:20,1
DA:21,1
DA:22,1
DA:23,1
DA:24,1
DA:25,1
DA:26,1
DA:27,1
DA:28,1
DA:29,1
DA:30,1
DA:31,1
DA:32,1
DA:33,1
DA:34,1
DA:35,1
DA:36,1
DA:37,1
DA:38,1
DA:39,1
DA:40,1
DA:41,1
DA:42,1
DA:43,1
DA:44,1
DA:45,1
DA:46,1
DA:47,1
DA:48,1
DA:49,1
DA:50,1
DA:51,1
DA:52,1
DA:53,1
DA:54,1
DA:55,1
DA:56,1
DA:57,1
DA:58,1
DA:59,1
DA:60,1
DA:61,1
DA:62,1
DA:63,1
DA:64,1
DA:65,1
DA:66,1
DA:67,1
DA:68,1
DA:69,1
DA:70,1
DA:71,1
DA:72,1
DA:73,1
DA:74,1
DA:75,1
DA:76,1
DA:77,1
DA:78,1
DA:79,1
DA:80,1
DA:81,1
DA:82,1
DA:83,1
DA:84,1
DA:85,1
DA:86,1
DA:87,1
DA:88,1
DA:89,1
DA:90,1
DA:91,1
DA:92,1
DA:93,1
DA:94,1
DA:95,1
DA:96,1
DA:97,1
DA:98,1
DA:99,1
DA:100,1
DA:101,1
DA:102,1
DA:103,1
DA:104,1
DA:105,1
DA:106,1
DA:107,1
DA:108,1
DA:109,1
DA:110,1
DA:111,1
DA:112,1
DA:113,1
DA:114,1
DA:115,1
DA:116,1
DA:117,1
DA:118,1
DA:119,1
DA:120,1
DA:121,14
DA:122,14
DA:123,14
DA:124,14
DA:125,14
DA:126,14
DA:127,14
DA:128,14
DA:129,14
DA:130,14
DA:131,8
DA:132,8
DA:133,8
DA:134,8
DA:135,8
DA:136,14
DA:137,6
DA:138,6
DA:139,14
DA:140,1
DA:141,1
DA:142,1
DA:143,1
DA:144,1
DA:145,9
DA:146,9
DA:147,9
DA:148,9
DA:149,9
DA:150,9
DA:151,9
DA:152,9
DA:153,3
DA:154,3
DA:155,3
DA:156,3
DA:157,3
DA:158,7
DA:159,6
DA:160,6
DA:161,9
DA:162,1
DA:163,1
DA:164,1
DA:165,1
DA:166,1
DA:167,3
DA:168,3
DA:169,3
DA:170,3
DA:171,3
DA:172,3
DA:173,3
DA:174,3
DA:175,3
DA:176,2
DA:177,2
DA:178,2
DA:179,2
DA:180,2
DA:181,2
DA:182,2
DA:183,2
DA:184,1
DA:185,1
DA:186,1
DA:187,1
DA:188,1
DA:189,1
DA:190,1
DA:191,1
DA:192,3
DA:193,3
DA:194,3
DA:195,3
DA:196,3
DA:197,3
DA:198,3
DA:199,3
DA:200,3
DA:201,3
DA:202,3
DA:203,3
LF:203
LH:203
BRDA:31,0,0,1
BRDA:64,1,0,1
BRDA:99,2,0,1
BRDA:109,3,0,1
BRDA:120,4,0,14
BRDA:131,5,0,8
BRDA:136,6,0,6
BRDA:144,7,0,9
BRDA:153,8,0,7
BRDA:153,9,0,3
BRDA:158,10,0,6
BRDA:166,11,0,3
BRDA:176,12,0,2
BRDA:191,13,0,3
BRF:14
BRH:14
end_of_record
TN:
SF:src/health.router.ts
FNF:0
FNH:0
DA:1,1
DA:2,1
DA:3,1
DA:4,1
DA:5,1
DA:6,1
DA:7,1
DA:8,1
DA:9,1
DA:10,1
DA:11,1
DA:12,1
DA:13,1
DA:14,1
DA:15,1
DA:16,1
DA:17,1
DA:18,1
DA:19,1
DA:20,1
DA:21,1
DA:22,1
DA:23,1
DA:24,1
DA:25,1
DA:26,1
DA:27,1
DA:28,1
DA:29,1
DA:30,1
DA:31,1
DA:32,1
DA:33,1
DA:34,1
DA:35,1
DA:36,1
DA:37,1
DA:38,1
DA:39,1
DA:40,1
DA:41,1
DA:42,1
DA:43,0
DA:44,0
DA:45,0
DA:46,0
DA:47,0
DA:48,0
DA:49,0
DA:50,1
DA:51,1
DA:52,1
DA:53,1
DA:54,1
DA:55,1
LF:55
LH:48
BRDA:22,0,0,1
BRDA:29,1,0,1
BRDA:34,2,0,0
BRDA:35,3,0,0
BRDA:42,4,0,0
BRF:5
BRH:2
end_of_record
TN:
SF:src/jobs.router.ts
FNF:0
FNH:0
DA:1,1
DA:2,1
DA:3,1
DA:4,1
DA:5,1
DA:6,1
DA:7,1
DA:8,1
DA:9,1
DA:10,1
DA:11,1
DA:12,1
DA:13,1
DA:14,1
DA:15,1
DA:16,2
DA:17,2
DA:18,2
DA:19,2
DA:20,2
DA:21,2
DA:22,2
DA:23,1
DA:24,1
DA:25,1
DA:26,1
DA:27,1
DA:28,1
DA:29,1
DA:30,1
DA:31,1
DA:32,1
DA:33,1
DA:34,0
DA:35,0
DA:36,0
DA:37,0
DA:38,0
DA:39,0
DA:40,1
LF:40
LH:34
BRDA:15,0,0,2
BRDA:23,1,0,1
BRDA:34,2,0,0
BRF:3
BRH:2
end_of_record
TN:
SF:src/jobs.ts
FN:39,JobNotFoundError
FN:58,initJobQueue
FN:79,initJobQueueWorker
FN:112,processSubmitTransactionJob
FN:217,initJobQueueScheduler
FN:232,addSubmitTransactionJob
FN:256,updateJobData
FN:282,getJobSummary
FN:333,getJobCounts
FNF:9
FNH:6
FNDA:2,JobNotFoundError
FNDA:0,initJobQueue
FNDA:0,initJobQueueWorker
FNDA:5,processSubmitTransactionJob
FNDA:0,initJobQueueScheduler
FNDA:6,addSubmitTransactionJob
FNDA:4,updateJobData
FNDA:8,getJobSummary
FNDA:2,getJobCounts
DA:1,1
DA:2,1
DA:3,1
DA:4,1
DA:5,1
DA:6,1
DA:7,1
DA:8,1
DA:9,1
DA:10,1
DA:11,1
DA:12,1
DA:13,1
DA:14,1
DA:15,1
DA:16,1
DA:17,1
DA:18,1
DA:19,1
DA:20,1
DA:21,1
DA:22,1
DA:23,1
DA:24,1
DA:25,1
DA:26,1
DA:27,1
DA:28,1
DA:29,1
DA:30,1
DA:31,1
DA:32,1
DA:33,1
DA:34,1
DA:35,1
DA:36,1
DA:37,1
DA:38,1
DA:39,1
DA:40,2
DA:41,2
DA:42,2
DA:43,2
DA:44,2
DA:45,2
DA:46,1
DA:47,1
DA:48,1
DA:49,1
DA:50,1
DA:51,1
DA:52,1
DA:53,1
DA:54,1
DA:55,1
DA:56,1
DA:57,1
DA:58,1
DA:59,0
DA:60,0
DA:61,0
DA:62,0
DA:63,0
DA:64,0
DA:65,0
DA:66,0
DA:67,0
DA:68,0
DA:69,0
DA:70,0
DA:71,0
DA:72,0
DA:73,0
DA:74,1
DA:75,1
DA:76,1
DA:77,1
DA:78,1
DA:79,1
DA:80,0
DA:81,0
DA:82,0
DA:83,0
DA:84,0
DA:85,0
DA:86,0
DA:87,0
DA:88,0
DA:89,0
DA:90,0
DA:91,0
DA:92,0
DA:93,0
DA:94,0
DA:95,0
DA:96,0
DA:97,0
DA:98,0
DA:99,0
DA:100,0
DA:101,0
DA:102,0
DA:103,0
DA:104,0
DA:105,0
DA:106,1
DA:107,1
DA:108,1
DA:109,1
DA:110,1
DA:111,1
DA:112,1
DA:113,5
DA:114,5
DA:115,5
DA:116,5
DA:117,5
DA:118,5
DA:119,5
DA:120,1
DA:121,1
DA:122,1
DA:123,1
DA:124,1
DA:125,1
DA:126,1
DA:127,1
DA:128,1
DA:129,1
DA:130,1
DA:131,1
DA:132,1
DA:133,4
DA:134,4
DA:135,4
DA:136,4
DA:137,5
DA:138,3
DA:139,3
DA:140,3
DA:141,3
DA:142,3
DA:143,3
DA:144,3
DA:145,3
DA:146,3
DA:147,3
DA:148,3
DA:149,5
DA:150,1
DA:151,1
DA:152,1
DA:153,1
DA:154,1
DA:155,1
DA:156,1
DA:157,1
DA:158,1
DA:159,1
DA:160,1
DA:161,4
DA:162,4
DA:163,4
DA:164,4
DA:165,4
DA:166,4
DA:167,4
DA:168,4
DA:169,4
DA:170,4
DA:171,4
DA:172,4
DA:173,2
DA:174,2
DA:175,2
DA:176,2
DA:177,2
DA:178,2
DA:179,2
DA:180,2
DA:181,2
DA:182,1
DA:183,1
DA:184,1
DA:185,1
DA:186,1
DA:187,1
DA:188,1
DA:189,1
DA:190,1
DA:191,1
DA:192,1
DA:193,1
DA:194,1
DA:195,1
DA:196,1
DA:197,1
DA:198,1
DA:199,1
DA:200,1
DA:201,1
DA:202,1
DA:203,1
DA:204,1
DA:205,1
DA:206,1
DA:207,1
DA:208,1
DA:209,1
DA:210,5
DA:211,1
DA:212,1
DA:213,1
DA:214,1
DA:215,1
DA:216,1
DA:217,1
DA:218,0
DA:219,0
DA:220,0
DA:221,0
DA:222,0
DA:223,0
DA:224,0
DA:225,0
DA:226,0
DA:227,0
DA:228,1
DA:229,1
DA:230,1
DA:231,1
DA:232,1
DA:233,6
DA:234,6
DA:235,6
DA:236,6
DA:237,6
DA:238,6
DA:239,6
DA:240,6
DA:241,6
DA:242,6
DA:243,6
DA:244,6
DA:245,6
DA:246,6
DA:247,1
DA:248,1
DA:249,5
DA:250,5
DA:251,5
DA:252,1
DA:253,1
DA:254,1
DA:255,1
DA:256,1
DA:257,4
DA:258,4
DA:259,4
DA:260,4
DA:261,4
DA:262,4
DA:263,2
DA:264,2
DA:265,2
DA:266,2
DA:267,2
DA:268,2
DA:269,2
DA:270,2
DA:271,2
DA:272,2
DA:273,4
DA:274,4
DA:275,4
DA:276,1
DA:277,1
DA:278,1
DA:279,1
DA:280,1
DA:281,1
DA:282,1
DA:283,8
DA:284,8
DA:285,8
DA:286,8
DA:287,8
DA:288,8
DA:289,8
DA:290,2
DA:291,2
DA:292,6
DA:293,6
DA:294,8
DA:295,5
DA:296,8
DA:297,1
DA:298,1
DA:299,6
DA:300,6
DA:301,6
DA:302,6
DA:303,7
DA:304,5
DA:305,2
DA:306,2
DA:307,5
DA:308,5
DA:309,5
DA:310,4
DA:311,5
DA:312,3
DA:313,3
DA:314,2
DA:315,2
DA:316,5
DA:317,6
DA:318,6
DA:319,6
DA:320,6
DA:321,6
DA:322,6
DA:323,6
DA:324,6
DA:325,6
DA:326,6
DA:327,1
DA:328,1
DA:329,1
DA:330,1
DA:331,1
DA:332,1
DA:333,1
DA:334,2
DA:335,2
DA:336,2
DA:337,2
DA:338,2
DA:339,2
DA:340,2
DA:341,2
DA:342,2
DA:343,2
DA:344,2
DA:345,2
DA:346,2
LF:346
LH:295
BRDA:39,0,0,2
BRDA:112,1,0,5
BRDA:118,2,0,1
BRDA:118,3,0,4
BRDA:119,4,0,1
BRDA:133,5,0,4
BRDA:137,6,0,3
BRDA:149,7,0,1
BRDA:161,8,0,4
BRDA:173,9,0,2
BRDA:181,10,0,1
BRDA:232,11,0,6
BRDA:246,12,0,0
BRDA:246,13,0,5
BRDA:246,14,0,1
BRDA:256,15,0,4
BRDA:262,16,0,2
BRDA:282,17,0,8
BRDA:289,18,0,6
BRDA:289,19,0,7
BRDA:289,20,0,2
BRDA:292,21,0,6
BRDA:294,22,0,5
BRDA:294,23,0,5
BRDA:296,24,0,1
BRDA:299,25,0,7
BRDA:299,26,0,6
BRDA:303,27,0,5
BRDA:304,28,0,2
BRDA:309,29,0,4
BRDA:311,30,0,3
BRDA:313,31,0,2
BRDA:317,32,0,6
BRDA:333,33,0,2
BRF:34
BRH:33
end_of_record
TN:
SF:src/logger.ts
FNF:0
FNH:0
DA:1,1
DA:2,1
DA:3,1
DA:4,1
DA:5,1
DA:6,1
DA:7,1
DA:8,1
DA:9,1
DA:10,1
LF:10
LH:10
BRF:0
BRH:0
end_of_record
TN:
SF:src/redis.ts
FN:18,isMaxmemoryPolicyNoeviction
FNF:1
FNH:1
FNDA:2,isMaxmemoryPolicyNoeviction
DA:1,1
DA:2,1
DA:3,1
DA:4,1
DA:5,1
DA:6,1
DA:7,1
DA:8,1
DA:9,1
DA:10,1
DA:11,1
DA:12,1
DA:13,1
DA:14,1
DA:15,1
DA:16,1
DA:17,1
DA:18,1
DA:19,2
DA:20,2
DA:21,2
DA:22,2
DA:23,2
DA:24,2
DA:25,2
DA:26,2
DA:27,2
DA:28,2
DA:29,2
DA:30,2
DA:31,2
DA:32,2
DA:33,2
DA:34,2
DA:35,2
DA:36,2
DA:37,2
DA:38,2
DA:39,2
DA:40,2
DA:41,2
DA:42,1
DA:43,1
DA:44,2
DA:45,2
DA:46,2
DA:47,2
DA:48,2
DA:49,1
DA:50,1
DA:51,1
LF:51
LH:51
BRDA:18,0,0,2
BRDA:41,1,0,1
BRDA:49,2,0,1
BRF:3
BRH:3
end_of_record
TN:
SF:src/server.ts
FN:20,createServer
FN:26,customLogLevel
FNF:2
FNH:2
FNDA:29,createServer
FNDA:29,customLogLevel
DA:1,1
DA:2,1
DA:3,1
DA:4,1
DA:5,1
DA:6,1
DA:7,1
DA:8,1
DA:9,1
DA:10,1
DA:11,1
DA:12,1
DA:13,1
DA:14,1
DA:15,1
DA:16,1
DA:17,1
DA:18,1
DA:19,1
DA:20,1
DA:21,29
DA:22,29
DA:23,29
DA:24,29
DA:25,29
DA:26,29
DA:27,29
DA:28,29
DA:29,17
DA:30,29
DA:31,17
DA:32,17
DA:33,12
DA:34,29
DA:35,0
DA:36,0
DA:37,12
DA:38,12
DA:39,29
DA:40,29
DA:41,29
DA:42,29
DA:43,29
DA:44,29
DA:45,29
DA:46,29
DA:47,29
DA:48,29
DA:49,29
DA:50,29
DA:51,29
DA:52,29
DA:53,0
DA:54,0
DA:55,29
DA:56,29
DA:57,29
DA:58,29
DA:59,29
DA:60,29
DA:61,0
DA:62,0
DA:63,29
DA:64,29
DA:65,29
DA:66,29
DA:67,29
DA:68,29
DA:69,29
DA:70,29
DA:71,0
DA:72,0
DA:73,0
DA:74,0
DA:75,29
DA:76,29
DA:77,29
DA:78,29
DA:79,0
DA:80,0
DA:81,0
DA:82,0
DA:83,0
DA:84,29
DA:85,29
DA:86,29
DA:87,29
LF:87
LH:72
BRDA:20,0,0,29
BRDA:52,1,0,0
BRDA:60,2,0,0
BRDA:26,3,0,29
BRDA:28,4,0,17
BRDA:30,5,0,17
BRDA:33,6,0,12
BRDA:34,7,0,0
BRDA:37,8,0,12
BRF:9
BRH:6
end_of_record
TN:
SF:src/transactions.router.ts
FNF:0
FNH:0
DA:1,1
DA:2,1
DA:3,1
DA:4,1
DA:5,1
DA:6,1
DA:7,1
DA:8,1
DA:9,1
DA:10,1
DA:11,1
DA:12,1
DA:13,1
DA:14,1
DA:15,1
DA:16,1
DA:17,1
DA:18,1
DA:19,2
DA:20,2
DA:21,2
DA:22,2
DA:23,2
DA:24,2
DA:25,2
DA:26,2
DA:27,2
DA:28,2
DA:29,2
DA:30,1
DA:31,1
DA:32,1
DA:33,1
DA:34,1
DA:35,1
DA:36,1
DA:37,1
DA:38,1
DA:39,1
DA:40,1
DA:41,1
DA:42,0
DA:43,0
DA:44,0
DA:45,0
DA:46,0
DA:47,0
DA:48,0
DA:49,0
DA:50,0
DA:51,0
DA:52,0
DA:53,1
DA:54,2
DA:55,1
LF:55
LH:44
BRDA:18,0,0,2
BRDA:24,1,0,0
BRDA:30,2,0,1
BRDA:41,3,0,0
BRF:4
BRH:2
end_of_record
